<?xml version="1.0" encoding="UTF-8"?>
<testng-results skipped="0" failed="0" ignored="0" total="1" passed="1">
  <reporter-output>
  </reporter-output>
  <suite name="Login Dashboard" duration-ms="69621" started-at="2021-03-18T07:52:10Z" finished-at="2021-03-18T07:53:20Z">
    <groups>
    </groups>
    <test name="Ticket Flow Test" duration-ms="69621" started-at="2021-03-18T07:52:10Z" finished-at="2021-03-18T07:53:20Z">
      <class name="com.goDeskless.testcases.TicketFlow">
        <test-method status="PASS" signature="CreateTicketsAssignAgent()[pri:1, instance:com.goDeskless.testcases.TicketFlow@7f1302d6]" name="CreateTicketsAssignAgent" duration-ms="69013" started-at="2021-03-18T13:22:10Z" finished-at="2021-03-18T13:23:19Z">
          <reporter-output>
          </reporter-output>
        </test-method> <!-- CreateTicketsAssignAgent -->
      </class> <!-- com.goDeskless.testcases.TicketFlow -->
    </test> <!-- Ticket Flow Test -->
  </suite> <!-- Login Dashboard -->
</testng-results>
