<?xml version="1.0" encoding="UTF-8"?>
<testsuite name="TestSuite" time="84.183" tests="10" errors="0" skipped="1" failures="3">
  <properties>
[...]
</properties>
  <testcase name="Login_Dashboard_01" classname="com.goDeskless.testcases.LoginDashboard" time="0.466"/>
  <testcase name="Login_Dashboard_02" classname="com.goDeskless.testcases.LoginDashboard" time="2.384"/>
  <testcase name="Login_Dashboard_03" classname="com.goDeskless.testcases.LoginDashboard" time="7.391">
    <failure message="expected [true] but found [false]" type="java.lang.AssertionError">java.lang.AssertionError: expected [true] but found [false]
	at org.testng.Assert.fail(Assert.java:93)
	at org.testng.Assert.failNotEquals(Assert.java:512)
	at org.testng.Assert.assertTrue(Assert.java:41)
	at org.testng.Assert.assertTrue(Assert.java:51)
	at com.goDeskless.testcases.LoginDashboard.Login_Dashboard_03(LoginDashboard.java:111)
</failure>
    <system-err><![CDATA[Starting ChromeDriver 79.0.3945.16 (93fcc21110c10dbbd49bbff8f472335360e31d05-refs/branch-heads/3945@{#262}) on port 46180
Only local connections are allowed.
Please protect ports used by ChromeDriver and related test frameworks to prevent access by malicious code.
[1584522236.830][WARNING]: This version of ChromeDriver has not been tested with Chrome version 80.
[1584522238.852][WARNING]: Timed out connecting to Chrome, retrying...
[1584522281.116][WARNING]: Timed out connecting to Chrome, retrying...
]]></system-err>
  </testcase>
  <testcase name="Login_Dashboard_04" classname="com.goDeskless.testcases.LoginDashboard" time="5.485">
    <failure message="expected [Username and password does not match] but found [Error! User Does not exist..]" type="java.lang.AssertionError">java.lang.AssertionError: expected [Username and password does not match] but found [Error! User Does not exist..]
	at org.testng.Assert.fail(Assert.java:93)
	at org.testng.Assert.failNotEquals(Assert.java:512)
	at org.testng.Assert.assertEqualsImpl(Assert.java:134)
	at org.testng.Assert.assertEquals(Assert.java:115)
	at org.testng.Assert.assertEquals(Assert.java:189)
	at org.testng.Assert.assertEquals(Assert.java:199)
	at com.goDeskless.testcases.LoginDashboard.Login_Dashboard_04(LoginDashboard.java:144)
</failure>
    <system-err><![CDATA[Starting ChromeDriver 79.0.3945.16 (93fcc21110c10dbbd49bbff8f472335360e31d05-refs/branch-heads/3945@{#262}) on port 42704
Only local connections are allowed.
Please protect ports used by ChromeDriver and related test frameworks to prevent access by malicious code.
[1584522293.526][WARNING]: This version of ChromeDriver has not been tested with Chrome version 80.
[1584522295.587][WARNING]: Timed out connecting to Chrome, retrying...
[1584522312.518][WARNING]: Timed out connecting to Chrome, retrying...
]]></system-err>
  </testcase>
  <testcase name="Login_Dashboard_05" classname="com.goDeskless.testcases.LoginDashboard" time="0">
    <skipped/>
    <system-err><![CDATA[Starting ChromeDriver 79.0.3945.16 (93fcc21110c10dbbd49bbff8f472335360e31d05-refs/branch-heads/3945@{#262}) on port 33496
Only local connections are allowed.
Please protect ports used by ChromeDriver and related test frameworks to prevent access by malicious code.
[1584522323.194][WARNING]: This version of ChromeDriver has not been tested with Chrome version 80.
[1584522325.212][WARNING]: Timed out connecting to Chrome, retrying...
[1584522350.809][WARNING]: Timed out connecting to Chrome, retrying...
]]></system-err>
  </testcase>
  <testcase name="Login_Dashboard_06" classname="com.goDeskless.testcases.LoginDashboard" time="16.196">
    <failure message="The following asserts failed:&#10;	expected [Terms – goDeskless] but found [Privacy Policy – goDeskless]" type="java.lang.AssertionError">java.lang.AssertionError: The following asserts failed:
	expected [Terms – goDeskless] but found [Privacy Policy – goDeskless]
	at org.testng.asserts.SoftAssert.assertAll(SoftAssert.java:43)
	at com.goDeskless.testcases.LoginDashboard.Login_Dashboard_06(LoginDashboard.java:239)
</failure>
    <system-out><![CDATA[No of windows or tabs after clicking: 2
softAssert Method Was Started
]]></system-out>
    <system-err><![CDATA[Starting ChromeDriver 79.0.3945.16 (93fcc21110c10dbbd49bbff8f472335360e31d05-refs/branch-heads/3945@{#262}) on port 1606
Only local connections are allowed.
Please protect ports used by ChromeDriver and related test frameworks to prevent access by malicious code.
[1584522370.878][WARNING]: This version of ChromeDriver has not been tested with Chrome version 80.
[1584522372.911][WARNING]: Timed out connecting to Chrome, retrying...
[1584522388.023][WARNING]: Timed out connecting to Chrome, retrying...
[1584522404.333][WARNING]: Timed out connecting to Chrome, retrying...
]]></system-err>
  </testcase>
  <testcase name="Login_Dashboard_07" classname="com.goDeskless.testcases.LoginDashboard" time="6.175"/>
  <testcase name="Login_Dashboard_08" classname="com.goDeskless.testcases.LoginDashboard" time="12.462"/>
  <testcase name="Login_Dashboard_19" classname="com.goDeskless.testcases.LoginDashboard" time="18.751"/>
  <testcase name="Login_Dashboard_20" classname="com.goDeskless.testcases.LoginDashboard" time="14.873"/>
</testsuite>