<?xml version="1.0" encoding="UTF-8"?>
<!-- Generated by org.testng.reporters.JUnitXMLReporter -->
<testsuite hostname="DESKTOP-H11J6VQ" ignored="0" name="Login Dashboard Test" tests="10" failures="3" timestamp="18 Mar 2020 09:09:11 GMT" time="440.596" errors="0">
  <testcase name="Login_Dashboard_01" time="0.466" classname="com.goDeskless.testcases.LoginDashboard"/>
  <testcase name="Login_Dashboard_02" time="2.384" classname="com.goDeskless.testcases.LoginDashboard"/>
  <testcase name="Login_Dashboard_03" time="7.387" classname="com.goDeskless.testcases.LoginDashboard">
    <failure type="java.lang.AssertionError" message="expected [true] but found [false]">
      <![CDATA[java.lang.AssertionError: expected [true] but found [false]
	at com.goDeskless.testcases.LoginDashboard.Login_Dashboard_03(LoginDashboard.java:111)
... Removed 32 stack frames]]>
    </failure>
  </testcase> <!-- Login_Dashboard_03 -->
  <testcase name="Login_Dashboard_04" time="5.486" classname="com.goDeskless.testcases.LoginDashboard">
    <failure type="java.lang.AssertionError" message="expected [Username and password does not match] but found [Error! User Does not exist..]">
      <![CDATA[java.lang.AssertionError: expected [Username and password does not match] but found [Error! User Does not exist..]
	at com.goDeskless.testcases.LoginDashboard.Login_Dashboard_04(LoginDashboard.java:144)
... Removed 34 stack frames]]>
    </failure>
  </testcase> <!-- Login_Dashboard_04 -->
  <testcase name="Login_Dashboard_05" time="15.607" classname="com.goDeskless.testcases.LoginDashboard">
    <skipped/>
  </testcase> <!-- Login_Dashboard_05 -->
  <testcase name="Login_Dashboard_06" time="16.196" classname="com.goDeskless.testcases.LoginDashboard">
    <failure type="java.lang.AssertionError" message="The following asserts failed:
	expected [Terms – goDeskless] but found [Privacy Policy – goDeskless]">
      <![CDATA[java.lang.AssertionError: The following asserts failed:
	expected [Terms – goDeskless] but found [Privacy Policy – goDeskless]
	at com.goDeskless.testcases.LoginDashboard.Login_Dashboard_06(LoginDashboard.java:239)
... Removed 29 stack frames]]>
    </failure>
  </testcase> <!-- Login_Dashboard_06 -->
  <testcase name="Login_Dashboard_07" time="6.176" classname="com.goDeskless.testcases.LoginDashboard"/>
  <testcase name="Login_Dashboard_08" time="12.464" classname="com.goDeskless.testcases.LoginDashboard"/>
  <testcase name="Login_Dashboard_19" time="18.751" classname="com.goDeskless.testcases.LoginDashboard"/>
  <testcase name="Login_Dashboard_20" time="14.871" classname="com.goDeskless.testcases.LoginDashboard"/>
</testsuite> <!-- Login Dashboard Test -->
